<?xml version='1.0' encoding='UTF-8'?>
<hotspot_log version='160 1' process='11356' time_ms='1512112631517'>
<vm_version>
<name>
Java HotSpot(TM) 64-Bit Server VM
</name>
<release>
25.131-b11
</release>
<info>
Java HotSpot(TM) 64-Bit Server VM (25.131-b11) for windows-amd64 JRE (1.8.0_131-b11), built on Mar 15 2017 01:23:53 by &quot;java_re&quot; with MS VC++ 10.0 (VS2010)
</info>
</vm_version>
<vm_arguments>
<args>
-XX:+UnlockDiagnosticVMOptions -XX:CompileThreshold=100 -XX:+LogCompilation -Dfile.encoding=UTF-8 
</args>
<command>
org.java.hotspot.App
</command>
<launcher>
SUN_STANDARD
</launcher>
<properties>
java.vm.specification.name=Java Virtual Machine Specification
java.vm.version=25.131-b11
java.vm.name=Java HotSpot(TM) 64-Bit Server VM
java.vm.info=mixed mode, sharing
java.ext.dirs=D:\Program Files\Java\jdk1.8.0_131\jre\lib\ext;C:\Windows\Sun\Java\lib\ext
java.endorsed.dirs=D:\Program Files\Java\jdk1.8.0_131\jre\lib\endorsed
sun.boot.library.path=D:\Program Files\Java\jdk1.8.0_131\jre\bin
java.library.path=D:\Program Files\Java\jdk1.8.0_131\bin;C:\Windows\Sun\Java\bin;C:\Windows\system32;C:\Windows;D:/Program Files/Java/jdk1.8.0_131/bin/../jre/bin/server;D:/Program Files/Java/jdk1.8.0_131/bin/../jre/bin;D:/Program Files/Java/jdk1.8.0_131/bin/../jre/lib/amd64;C:\Windows\system32;C:\Windows;C:\Windows\System32\Wbem;C:\Windows\System32\WindowsPowerShell\v1.0\;C:\Program Files (x86)\NVIDIA Corporation\PhysX\Common;D:\Program Files\Java\jdk1.8.0_131\bin;D:\Program Files (x86)\scala\bin;D:\apache-maven-3.5.0\bin;C:\Program Files (x86)\Heimdal\bin\;D:\Program Files\Heimdal\bin\;D:\eclipse;;.
java.home=D:\Program Files\Java\jdk1.8.0_131\jre
java.class.path=D:\git\java-day\java-day\java-hotspot\target\classes
sun.boot.class.path=D:\Program Files\Java\jdk1.8.0_131\jre\lib\resources.jar;D:\Program Files\Java\jdk1.8.0_131\jre\lib\rt.jar;D:\Program Files\Java\jdk1.8.0_131\jre\lib\sunrsasign.jar;D:\Program Files\Java\jdk1.8.0_131\jre\lib\jsse.jar;D:\Program Files\Java\jdk1.8.0_131\jre\lib\jce.jar;D:\Program Files\Java\jdk1.8.0_131\jre\lib\charsets.jar;D:\Program Files\Java\jdk1.8.0_131\jre\lib\jfr.jar;D:\Program Files\Java\jdk1.8.0_131\jre\classes
java.vm.specification.vendor=Oracle Corporation
java.vm.specification.version=1.8
java.vm.vendor=Oracle Corporation
file.encoding=UTF-8
sun.java.command=org.java.hotspot.App
sun.java.launcher=SUN_STANDARD
</properties>
</vm_arguments>
<tty>
<writer thread='12036'/>
<thread_logfile thread='12036' filename='C:\Users\ADMINI~1\AppData\Local\Temp\\hs_c12036_pid11356.log'/>
<writer thread='10544'/>
<thread_logfile thread='10544' filename='C:\Users\ADMINI~1\AppData\Local\Temp\\hs_c10544_pid11356.log'/>
<writer thread='7736'/>
<thread_logfile thread='7736' filename='C:\Users\ADMINI~1\AppData\Local\Temp\\hs_c7736_pid11356.log'/>
<blob name='MethodHandlesAdapterBlob' size='32000'>
<sect index='1' size='32000' free='31636'/>
</blob>
<writer thread='9108'/>
<task_queued compile_id='1' method='java/lang/String equals (Ljava/lang/Object;)Z' bytes='81' count='256' backedge_count='1184' iicount='256' level='3' stamp='0.056' comment='tiered' hot_count='256'/>
<writer thread='10544'/>
<nmethod compile_id='1' compiler='C1' level='3' entry='0x00000000027c01a0' size='2184' address='0x00000000027c0010' relocation_offset='288' insts_offset='400' stub_offset='1616' scopes_data_offset='1768' scopes_pcs_offset='1968' dependencies_offset='2144' nul_chk_table_offset='2152' method='java/lang/String equals (Ljava/lang/Object;)Z' bytes='81' count='274' backedge_count='1333' iicount='274' stamp='0.056'/>
<writer thread='9108'/>
<task_queued compile_id='2' method='java/lang/String indexOf (II)I' bytes='70' count='125' backedge_count='3072' iicount='125' level='3' stamp='0.057' comment='tiered' hot_count='125'/>
<task_queued compile_id='3' method='java/lang/String &lt;init&gt; ([CII)V' bytes='82' count='256' iicount='256' level='3' stamp='0.057' comment='tiered' hot_count='256'/>
<task_queued compile_id='4' method='java/util/Arrays copyOfRange ([CII)[C' bytes='63' count='256' iicount='256' level='3' stamp='0.057' comment='tiered' hot_count='256'/>
<task_queued compile_id='5' method='java/lang/String hashCode ()I' bytes='55' count='429' backedge_count='6144' iicount='429' level='3' stamp='0.057' comment='tiered' hot_count='429'/>
<nmethod compile_id='6' compile_kind='c2n' level='0' entry='0x00000000027cc800' size='912' address='0x00000000027cc690' relocation_offset='288' consts_offset='912' insts_offset='368' method='java/lang/System arraycopy (Ljava/lang/Object;ILjava/lang/Object;II)V' bytes='0' count='896' iicount='896' stamp='0.057'/>
<task_queued compile_id='7' method='java/lang/Object &lt;init&gt; ()V' bytes='1' count='2432' iicount='2432' level='3' stamp='0.057' comment='tiered' hot_count='2432'/>
<writer thread='10544'/>
<nmethod compile_id='2' compiler='C1' level='3' entry='0x00000000027c2aa0' size='1592' address='0x00000000027c2910' relocation_offset='288' insts_offset='400' stub_offset='1136' scopes_data_offset='1312' scopes_pcs_offset='1440' dependencies_offset='1568' nul_chk_table_offset='1576' method='java/lang/String indexOf (II)I' bytes='70' count='301' backedge_count='7178' iicount='301' stamp='0.057'/>
<nmethod compile_id='5' compiler='C1' level='3' entry='0x00000000027c2580' size='1224' address='0x00000000027c2410' relocation_offset='288' insts_offset='368' stub_offset='880' scopes_data_offset='1032' scopes_pcs_offset='1104' dependencies_offset='1200' nul_chk_table_offset='1208' method='java/lang/String hashCode ()I' bytes='55' count='459' backedge_count='6491' iicount='459' stamp='0.057'/>
<nmethod compile_id='7' compiler='C1' level='3' entry='0x00000000027c2160' size='776' address='0x00000000027c2010' relocation_offset='288' insts_offset='336' stub_offset='528' scopes_data_offset='680' scopes_pcs_offset='704' dependencies_offset='768' method='java/lang/Object &lt;init&gt; ()V' bytes='1' count='2480' iicount='2480' stamp='0.057'/>
<writer thread='9108'/>
<task_queued compile_id='8' method='java/util/TreeMap parentOf (Ljava/util/TreeMap$Entry;)Ljava/util/TreeMap$Entry;' bytes='13' count='9984' iicount='9984' stamp='0.057' comment='tiered' hot_count='9984'/>
<task_queued compile_id='9' method='java/lang/Math min (II)I' bytes='11' count='512' iicount='512' level='3' stamp='0.057' comment='tiered' hot_count='512'/>
<task_queued compile_id='10' method='java/lang/String charAt (I)C' bytes='29' count='88576' iicount='88576' stamp='0.057' comment='tiered' hot_count='88576'/>
<task_queued compile_id='11' method='java/lang/String length ()I' bytes='6' count='26240' iicount='26240' stamp='0.057' comment='tiered' hot_count='26240'/>
<task_queued compile_id='12' method='java/lang/CharacterData of (I)Ljava/lang/CharacterData;' bytes='120' count='896' iicount='896' level='3' stamp='0.057' comment='tiered' hot_count='896'/>
<task_queued compile_id='13' method='java/lang/CharacterDataLatin1 getProperties (I)I' bytes='11' count='896' iicount='896' level='3' stamp='0.057' comment='tiered' hot_count='896'/>
<task_queued compile_id='14' method='java/lang/Character toUpperCase (C)C' bytes='6' count='384' iicount='384' level='3' stamp='0.058' comment='tiered' hot_count='384'/>
<task_queued compile_id='15' method='java/lang/Object &lt;init&gt; ()V' bytes='1' count='2560' iicount='2560' level='1' stamp='0.058' comment='tiered' hot_count='2560'/>
<writer thread='10544'/>
<nmethod compile_id='3' compiler='C1' level='3' entry='0x00000000027cdb60' size='2336' address='0x00000000027cd990' relocation_offset='288' insts_offset='464' stub_offset='1520' scopes_data_offset='1752' scopes_pcs_offset='2024' dependencies_offset='2296' nul_chk_table_offset='2304' method='java/lang/String &lt;init&gt; ([CII)V' bytes='82' count='325' iicount='325' stamp='0.058'/>
<writer thread='12036'/>
<nmethod compile_id='8' compiler='C2' level='4' entry='0x00000000027c1f40' size='488' address='0x00000000027c1e10' relocation_offset='288' insts_offset='304' stub_offset='368' scopes_data_offset='400' scopes_pcs_offset='416' dependencies_offset='464' nul_chk_table_offset='472' method='java/util/TreeMap parentOf (Ljava/util/TreeMap$Entry;)Ljava/util/TreeMap$Entry;' bytes='13' count='10263' iicount='10263' stamp='0.058'/>
<writer thread='7736'/>
<nmethod compile_id='11' compiler='C2' level='4' entry='0x00000000027c1d40' size='488' address='0x00000000027c1c10' relocation_offset='288' insts_offset='304' stub_offset='368' scopes_data_offset='400' scopes_pcs_offset='416' dependencies_offset='464' nul_chk_table_offset='472' method='java/lang/String length ()I' bytes='6' count='26600' iicount='26600' stamp='0.058'/>
<writer thread='10544'/>
<nmethod compile_id='15' compiler='C1' level='1' entry='0x00000000027cd820' size='688' address='0x00000000027cd6d0' relocation_offset='288' insts_offset='336' stub_offset='464' scopes_data_offset='616' scopes_pcs_offset='632' dependencies_offset='680' method='java/lang/Object &lt;init&gt; ()V' bytes='1' count='2586' iicount='2586' stamp='0.058'/>
<make_not_entrant thread='10544' compile_id='7' compiler='C1' level='3' stamp='0.058'/>
<writer thread='12036'/>
<nmethod compile_id='10' compiler='C2' level='4' entry='0x00000000027cd520' size='720' address='0x00000000027cd3d0' relocation_offset='288' insts_offset='336' stub_offset='496' scopes_data_offset='528' scopes_pcs_offset='600' dependencies_offset='696' nul_chk_table_offset='704' method='java/lang/String charAt (I)C' bytes='29' count='89727' iicount='89727' stamp='0.058'/>
<writer thread='10544'/>
<nmethod compile_id='12' compiler='C1' level='3' entry='0x00000000027c4040' size='2408' address='0x00000000027c3e90' relocation_offset='288' insts_offset='432' stub_offset='1680' scopes_data_offset='1832' scopes_pcs_offset='2008' dependencies_offset='2344' nul_chk_table_offset='2352' method='java/lang/CharacterData of (I)Ljava/lang/CharacterData;' bytes='120' count='1213' iicount='1213' stamp='0.058'/>
<nmethod compile_id='13' compiler='C1' level='3' entry='0x00000000027cd160' size='936' address='0x00000000027cd010' relocation_offset='288' insts_offset='336' stub_offset='592' scopes_data_offset='744' scopes_pcs_offset='808' dependencies_offset='904' nul_chk_table_offset='912' method='java/lang/CharacterDataLatin1 getProperties (I)I' bytes='11' count='1213' iicount='1213' stamp='0.059'/>
<nmethod compile_id='9' compiler='C1' level='3' entry='0x00000000027c3ca0' size='816' address='0x00000000027c3b50' relocation_offset='288' insts_offset='336' stub_offset='592' scopes_data_offset='744' scopes_pcs_offset='760' dependencies_offset='808' method='java/lang/Math min (II)I' bytes='11' count='699' iicount='699' stamp='0.059'/>
<nmethod compile_id='14' compiler='C1' level='3' entry='0x00000000027c3780' size='1272' address='0x00000000027c3610' relocation_offset='288' insts_offset='368' stub_offset='848' scopes_data_offset='1048' scopes_pcs_offset='1136' dependencies_offset='1248' nul_chk_table_offset='1256' method='java/lang/Character toUpperCase (C)C' bytes='6' count='396' iicount='396' stamp='0.059'/>
<nmethod compile_id='4' compiler='C1' level='3' entry='0x00000000027cff20' size='4672' address='0x00000000027cfd10' relocation_offset='288' insts_offset='528' stub_offset='3120' scopes_data_offset='3440' scopes_pcs_offset='4248' dependencies_offset='4648' nul_chk_table_offset='4656' oops_offset='3368' method='java/util/Arrays copyOfRange ([CII)[C' bytes='63' count='332' iicount='332' stamp='0.060'/>
<writer thread='9108'/>
<task_queued compile_id='16' method='java/lang/AbstractStringBuilder ensureCapacityInternal (I)V' bytes='27' count='256' iicount='256' level='3' stamp='0.060' comment='tiered' hot_count='256'/>
<task_queued compile_id='17' method='java/lang/Character toLowerCase (I)I' bytes='9' count='896' iicount='896' level='3' stamp='0.060' comment='tiered' hot_count='896'/>
<task_queued compile_id='18' method='java/lang/CharacterDataLatin1 toLowerCase (I)I' bytes='39' count='896' iicount='896' level='3' stamp='0.060' comment='tiered' hot_count='896'/>
<writer thread='10544'/>
<nmethod compile_id='16' compiler='C1' level='3' entry='0x00000000027cf6e0' size='1920' address='0x00000000027cf550' relocation_offset='288' insts_offset='400' stub_offset='1360' scopes_data_offset='1568' scopes_pcs_offset='1752' dependencies_offset='1896' nul_chk_table_offset='1904' method='java/lang/AbstractStringBuilder ensureCapacityInternal (I)V' bytes='27' count='560' iicount='560' stamp='0.060'/>
<writer thread='9108'/>
<task_queued compile_id='19' method='java/lang/AbstractStringBuilder append (C)Ljava/lang/AbstractStringBuilder;' bytes='29' count='384' iicount='384' level='3' stamp='0.060' comment='tiered' hot_count='384'/>
<writer thread='10544'/>
<nmethod compile_id='17' compiler='C1' level='3' entry='0x00000000027cf240' size='1104' address='0x00000000027cf0d0' relocation_offset='288' insts_offset='368' stub_offset='752' scopes_data_offset='944' scopes_pcs_offset='984' dependencies_offset='1080' nul_chk_table_offset='1088' method='java/lang/Character toLowerCase (I)I' bytes='9' count='1096' iicount='1096' stamp='0.061'/>
<writer thread='9108'/>
<task_queued compile_id='20' method='java/lang/StringBuffer append (C)Ljava/lang/StringBuffer;' bytes='13' count='256' iicount='256' level='3' stamp='0.061' comment='tiered' hot_count='256'/>
<task_queued compile_id='21' method='java/lang/CharacterDataLatin1 getProperties (I)I' bytes='11' count='1536' iicount='1536' level='1' stamp='0.061' comment='tiered' hot_count='1536'/>
<task_queued compile_id='22' method='java/lang/StringBuilder append (C)Ljava/lang/StringBuilder;' bytes='8' count='384' iicount='384' level='3' stamp='0.061' comment='tiered' hot_count='384'/>
<task_queued compile_id='23' method='java/io/WinNTFileSystem isSlash (C)Z' bytes='18' count='384' iicount='384' level='3' stamp='0.061' comment='tiered' hot_count='384'/>
<writer thread='10544'/>
<nmethod compile_id='18' compiler='C1' level='3' entry='0x00000000027ced00' size='1320' address='0x00000000027ceb90' relocation_offset='288' insts_offset='368' stub_offset='848' scopes_data_offset='1016' scopes_pcs_offset='1176' dependencies_offset='1288' nul_chk_table_offset='1296' method='java/lang/CharacterDataLatin1 toLowerCase (I)I' bytes='39' count='1229' iicount='1229' stamp='0.061'/>
<nmethod compile_id='21' compiler='C1' level='1' entry='0x00000000027ce960' size='840' address='0x00000000027ce810' relocation_offset='288' insts_offset='336' stub_offset='528' scopes_data_offset='680' scopes_pcs_offset='728' dependencies_offset='808' nul_chk_table_offset='816' method='java/lang/CharacterDataLatin1 getProperties (I)I' bytes='11' count='1773' iicount='1773' stamp='0.061'/>
<make_not_entrant thread='10544' compile_id='13' compiler='C1' level='3' stamp='0.061'/>
<nmethod compile_id='19' compiler='C1' level='3' entry='0x00000000027d1340' size='2384' address='0x00000000027d1190' relocation_offset='288' insts_offset='432' stub_offset='1584' scopes_data_offset='1800' scopes_pcs_offset='2136' dependencies_offset='2344' nul_chk_table_offset='2352' method='java/lang/AbstractStringBuilder append (C)Ljava/lang/AbstractStringBuilder;' bytes='29' count='1484' iicount='1484' stamp='0.061'/>
<nmethod compile_id='20' compiler='C1' level='3' entry='0x00000000027d1cc0' size='3176' address='0x00000000027d1b10' relocation_offset='288' insts_offset='432' stub_offset='2064' scopes_data_offset='2288' scopes_pcs_offset='2896' dependencies_offset='3136' nul_chk_table_offset='3144' method='java/lang/StringBuffer append (C)Ljava/lang/StringBuffer;' bytes='13' count='765' iicount='765' stamp='0.062'/>
<nmethod compile_id='23' compiler='C1' level='3' entry='0x00000000027ce5a0' size='912' address='0x00000000027ce450' relocation_offset='288' insts_offset='336' stub_offset='688' scopes_data_offset='840' scopes_pcs_offset='856' dependencies_offset='904' method='java/io/WinNTFileSystem isSlash (C)Z' bytes='18' count='856' iicount='856' stamp='0.062'/>
<nmethod compile_id='22' compiler='C1' level='3' entry='0x00000000027d2940' size='2664' address='0x00000000027d2790' relocation_offset='288' insts_offset='432' stub_offset='1680' scopes_data_offset='1904' scopes_pcs_offset='2400' dependencies_offset='2624' nul_chk_table_offset='2632' method='java/lang/StringBuilder append (C)Ljava/lang/StringBuilder;' bytes='8' count='771' iicount='771' stamp='0.062'/>
<writer thread='9108'/>
<task_queued compile